<?xml version="1.0" encoding="UTF-8"?>
<!-- Generated by org.testng.reporters.JUnitXMLReporter -->
<testsuite ignored="0" hostname="DESKTOP-T6SC6MV" failures="0" tests="3" name="Test3" time="50.493" errors="0" timestamp="2023-01-24T10:28:14 IST">
  <testcase classname="crossbrowserparallel.FaceBookLoginTest" name="loginpage" time="19.701"/>
  <testcase classname="crossbrowserparallel.ActitimeLoginTest" name="loginTest" time="21.086"/>
  <testcase classname="crossbrowserparallel.GoogleTest" name="googleSearch" time="9.635"/>
</testsuite> <!-- Test3 -->
