<?xml version="1.0" encoding="UTF-8"?>
<!-- Generated by org.testng.reporters.JUnitXMLReporter -->
<testsuite ignored="0" hostname="DESKTOP-T6SC6MV" failures="0" tests="3" name="Test1" time="40.86" errors="0" timestamp="2023-01-24T10:28:04 IST">
  <testcase classname="crossbrowserparallel.FaceBookLoginTest" name="loginpage" time="19.576"/>
  <testcase classname="crossbrowserparallel.ActitimeLoginTest" name="loginTest" time="15.352"/>
  <testcase classname="crossbrowserparallel.GoogleTest" name="googleSearch" time="5.851"/>
</testsuite> <!-- Test1 -->
