<?xml version="1.0" encoding="UTF-8"?>
<!-- Generated by org.testng.reporters.JUnitXMLReporter -->
<testsuite ignored="0" hostname="DESKTOP-T6SC6MV" failures="0" tests="3" name="Test2" time="54.459" errors="0" timestamp="2023-01-24T10:28:18 IST">
  <testcase classname="crossbrowserparallel.FaceBookLoginTest" name="loginpage" time="19.695"/>
  <testcase classname="crossbrowserparallel.ActitimeLoginTest" name="loginTest" time="23.532"/>
  <testcase classname="crossbrowserparallel.GoogleTest" name="googleSearch" time="11.166"/>
</testsuite> <!-- Test2 -->
