<?xml version="1.0" encoding="UTF-8"?>
<!-- Generated by org.testng.reporters.JUnitXMLReporter -->
<testsuite ignored="2" hostname="DESKTOP-T6SC6MV" failures="0" tests="4" name="Test" time="0.116" errors="0" timestamp="2023-01-21T11:56:30 IST">
  <testcase classname="groupExecution.FirstTest" name="test0" time="0.016"/>
  <testcase classname="groupExecution.FirstTest" name="test1" time="0.004"/>
  <testcase classname="groupExecution.SecondTest" name="test0" time="0.002"/>
  <testcase classname="groupExecution.SecondTest" name="test1" time="0.003"/>
  <testcase classname="groupExecution.SecondTest" name="test2" time="0.0">
    <ignored/>
  </testcase> <!-- test2 -->
  <testcase classname="groupExecution.FirstTest" name="test2" time="0.0">
    <ignored/>
  </testcase> <!-- test2 -->
</testsuite> <!-- Test -->
